<?xml version="1.0" encoding="UTF-8"?>
<testng-results ignored="0" total="1" passed="1" failed="0" skipped="0">
  <reporter-output>
  </reporter-output>
  <suite started-at="2026-07-15T10:45:18 BRT" name="PetStoreSuite" finished-at="2026-07-15T10:45:18 BRT" duration-ms="59">
    <groups>
    </groups>
    <test started-at="2026-07-15T10:45:18 BRT" name="SmokeTests" finished-at="2026-07-15T10:45:18 BRT" duration-ms="59">
      <class name="petstore.SmokeTest">
        <test-method signature="smoke()[pri:0, instance:petstore.SmokeTest@28c4711c]" started-at="2026-07-15T10:45:18 BRT" name="smoke" finished-at="2026-07-15T10:45:18 BRT" duration-ms="11" status="PASS">
          <reporter-output>
          </reporter-output>
        </test-method> <!-- smoke -->
      </class> <!-- petstore.SmokeTest -->
    </test> <!-- SmokeTests -->
  </suite> <!-- PetStoreSuite -->
</testng-results>
